Command line:
   PruebaReloj32milis_isim_beh.exe
     -simmode  gui
     -simrunnum  0
     -socket  34267

Sun Nov 02 02:04:56 2014


 Elaboration Time: 0.296402 sec

 Current Memory Usage: 667.07 Meg

 Total Signals          : 20
 Total Nets             : 19
 Total Signal Drivers   : 11
 Total Blocks           : 3
 Total Primitive Blocks : 2
 Total Processes        : 16
 Total Traceable Variables  : 24
 Total Scalar Nets and Variables : 141
Total Line Count : 27

 Total Simulation Time: 5.46004 sec

 Current Memory Usage: 982.168 Meg

Sun Nov 02 02:06:24 2014

