Command line:
   clockde50_isim_beh.exe
     -simmode  gui
     -simrunnum  0
     -socket  26430

Sun Nov 02 01:01:59 2014


 Elaboration Time: 0.109201 sec

 Current Memory Usage: 663.532 Meg

 Total Signals          : 16
 Total Nets             : 15
 Total Signal Drivers   : 7
 Total Blocks           : 3
 Total Primitive Blocks : 2
 Total Processes        : 11
 Total Traceable Variables  : 20
 Total Scalar Nets and Variables : 97
Total Line Count : 20

 Total Simulation Time: 0.187201 sec

 Current Memory Usage: 663.532 Meg

Sun Nov 02 01:02:17 2014

