Command line:
   PruebaRandomFourBits_isim_beh.exe
     -simmode  gui
     -simrunnum  0
     -socket  51766

Tue Oct 21 20:12:14 2014


 Elaboration Time: 0.234001 sec

 Current Memory Usage: 671.703 Meg

 Total Signals          : 15
 Total Nets             : 18
 Total Signal Drivers   : 7
 Total Blocks           : 3
 Total Primitive Blocks : 2
 Total Processes        : 11
 Total Traceable Variables  : 20
 Total Scalar Nets and Variables : 103
Total Line Count : 21

 Total Simulation Time: 0.702004 sec

 Current Memory Usage: 671.703 Meg

Tue Oct 21 20:15:20 2014

