Running: D:\Xillinx\14.7\ISE_DS\ISE\bin\nt\unwrapped\fuse.exe -intstyle ise -incremental -lib unisims_ver -lib unimacro_ver -lib xilinxcorelib_ver -lib secureip -o C:/Users/Sonia/Documents/GitHub/ProyectoFinalTaller-DH/ProyectoDrumsHero/PruebaListaValores_isim_beh.exe -prj C:/Users/Sonia/Documents/GitHub/ProyectoFinalTaller-DH/ProyectoDrumsHero/PruebaListaValores_beh.prj work.PruebaListaValores work.glbl 
ISim P.20131013 (signature 0x8ef4fb42)
Number of CPUs detected in this system: 2
Turning on mult-threading, number of parallel sub-compilation jobs: 4 
Determining compilation order of HDL files
Analyzing Verilog file "C:/Users/Sonia/Documents/GitHub/ProyectoFinalTaller-DH/ProyectoDrumsHero/RandomTenBits.v" into library work
Analyzing Verilog file "C:/Users/Sonia/Documents/GitHub/ProyectoFinalTaller-DH/ProyectoDrumsHero/ListaValores.v" into library work
Analyzing Verilog file "C:/Users/Sonia/Documents/GitHub/ProyectoFinalTaller-DH/ProyectoDrumsHero/PruebaListaValores.v" into library work
Analyzing Verilog file "D:/Xillinx/14.7/ISE_DS/ISE//verilog/src/glbl.v" into library work
Starting static elaboration
Completed static elaboration
Fuse Memory Usage: 122104 KB
Fuse CPU Usage: 951 ms
Compiling module RandomFourBits
Compiling module ListaValores
Compiling module PruebaListaValores
Compiling module glbl
Time Resolution for simulation is 1ps.
Waiting for 2 sub-compilation(s) to finish...
Compiled 4 Verilog Units
Built simulation executable C:/Users/Sonia/Documents/GitHub/ProyectoFinalTaller-DH/ProyectoDrumsHero/PruebaListaValores_isim_beh.exe
Fuse Memory Usage: 125672 KB
Fuse CPU Usage: 1356 ms
