Command line:
   PruebaListaValores_isim_beh.exe
     -simmode  gui
     -simrunnum  0
     -socket  52049

Tue Oct 21 20:42:22 2014


 Elaboration Time: 0.1092 sec

 Current Memory Usage: 671.31 Meg

 Total Signals          : 17
 Total Nets             : 23
 Total Signal Drivers   : 8
 Total Blocks           : 4
 Total Primitive Blocks : 2
 Total Processes        : 13
 Total Traceable Variables  : 21
 Total Scalar Nets and Variables : 113
Total Line Count : 39

 Total Simulation Time: 0.327601 sec

 Current Memory Usage: 671.31 Meg

Tue Oct 21 20:47:31 2014

